<?xml version="1.0" encoding="UTF-8"?>
<!-- Generated by org.testng.reporters.JUnitReportReporter -->
<testsuite skipped="0" hostname="Utkarsh" name="com.orangehrm.testcases.PIMpageTest" tests="1" failures="0" timestamp="11 Jul 2021 21:20:58 GMT" time="33.891" errors="0">
  <testcase name="check" time="33.891" classname="com.orangehrm.testcases.PIMpageTest"/>
</testsuite> <!-- com.orangehrm.testcases.PIMpageTest -->
