<?xml version="1.0" encoding="UTF-8"?>
<!-- Generated by org.testng.reporters.JUnitReportReporter -->
<testsuite skipped="3" hostname="Utkarsh" name="com.orangehrm.testcases.AdminPageTest" tests="4" failures="0" timestamp="06 Jul 2021 13:26:05 GMT" time="114.333" errors="0">
  <testcase name="srchUserByRole" time="114.333" classname="com.orangehrm.testcases.AdminPageTest"/>
  <testcase name="verifyAdminPage" classname="com.orangehrm.testcases.AdminPageTest">
    <skipped/>
  </testcase> <!-- verifyAdminPage -->
  <testcase name="sendUsername" classname="com.orangehrm.testcases.AdminPageTest">
    <skipped/>
  </testcase> <!-- sendUsername -->
  <testcase name="restUsername" classname="com.orangehrm.testcases.AdminPageTest">
    <skipped/>
  </testcase> <!-- restUsername -->
</testsuite> <!-- com.orangehrm.testcases.AdminPageTest -->
