<?xml version="1.0" encoding="UTF-8"?>
<!-- Generated by org.testng.reporters.JUnitReportReporter -->
<testsuite skipped="4" hostname="Utkarsh" name="com.orangehrm.testcases.AdminPageTest" tests="5" failures="0" timestamp="08 Jul 2021 20:24:38 GMT" time="32.727" errors="0">
  <testcase name="similarUsernameandEmpname" time="32.727" classname="com.orangehrm.testcases.AdminPageTest"/>
  <testcase name="verifyAdminPage" classname="com.orangehrm.testcases.AdminPageTest">
    <skipped/>
  </testcase> <!-- verifyAdminPage -->
  <testcase name="sendUsername" classname="com.orangehrm.testcases.AdminPageTest">
    <skipped/>
  </testcase> <!-- sendUsername -->
  <testcase name="srchUserByRole" classname="com.orangehrm.testcases.AdminPageTest">
    <skipped/>
  </testcase> <!-- srchUserByRole -->
  <testcase name="restUsername" classname="com.orangehrm.testcases.AdminPageTest">
    <skipped/>
  </testcase> <!-- restUsername -->
</testsuite> <!-- com.orangehrm.testcases.AdminPageTest -->
