<?xml version="1.0" encoding="UTF-8"?>
<!-- Generated by org.testng.reporters.JUnitReportReporter -->
<testsuite skipped="0" hostname="Utkarsh" name="com.orangehrm.testcases.LoginPageTest" tests="2" failures="0" timestamp="10 May 2021 14:49:47 GMT" time="49.211" errors="0">
  <testcase name="titleCheck" time="19.242" classname="com.orangehrm.testcases.LoginPageTest"/>
  <testcase name="loginTest" time="29.969" classname="com.orangehrm.testcases.LoginPageTest"/>
</testsuite> <!-- com.orangehrm.testcases.LoginPageTest -->
