<?xml version="1.0" encoding="UTF-8"?>
<!-- Generated by org.testng.reporters.JUnitReportReporter -->
<testsuite skipped="0" hostname="Utkarsh" name="com.orangehrm.testcases.LoginPageTest" tests="2" failures="0" timestamp="11 Jul 2021 21:16:30 GMT" time="53.486" errors="0">
  <testcase name="titleCheck" time="29.241" classname="com.orangehrm.testcases.LoginPageTest"/>
  <testcase name="loginTest" time="24.245" classname="com.orangehrm.testcases.LoginPageTest"/>
</testsuite> <!-- com.orangehrm.testcases.LoginPageTest -->
