<?xml version="1.0" encoding="UTF-8"?>
<!-- Generated by org.testng.reporters.JUnitReportReporter -->
<testsuite skipped="5" hostname="Utkarsh" name="com.orangehrm.testcases.AdminPageTest" tests="7" failures="0" timestamp="14 Jul 2021 13:49:26 GMT" time="155.070" errors="0">
  <testcase name="addNewUser" time="90.352" classname="com.orangehrm.testcases.AdminPageTest"/>
  <testcase name="addNewUser" time="64.718" classname="com.orangehrm.testcases.AdminPageTest"/>
  <testcase name="similarUsernameandEmpname" classname="com.orangehrm.testcases.AdminPageTest">
    <skipped/>
  </testcase> <!-- similarUsernameandEmpname -->
  <testcase name="verifyAdminPage" classname="com.orangehrm.testcases.AdminPageTest">
    <skipped/>
  </testcase> <!-- verifyAdminPage -->
  <testcase name="sendUsername" classname="com.orangehrm.testcases.AdminPageTest">
    <skipped/>
  </testcase> <!-- sendUsername -->
  <testcase name="srchUserByRole" classname="com.orangehrm.testcases.AdminPageTest">
    <skipped/>
  </testcase> <!-- srchUserByRole -->
  <testcase name="restUsername" classname="com.orangehrm.testcases.AdminPageTest">
    <skipped/>
  </testcase> <!-- restUsername -->
</testsuite> <!-- com.orangehrm.testcases.AdminPageTest -->
